<?xml version="1.0" encoding="UTF-8"?>
<!-- Generated by org.testng.reporters.JUnitXMLReporter -->
<testsuite ignored="0" hostname="DESKTOP-ITN6E2L" failures="0" tests="10" name="Test" time="392.218" errors="0" timestamp="2023-05-15T17:01:38 IST">
  <testcase classname="crmtests.LoginPageTest" name="validateLinkTest" time="0.421"/>
  <testcase classname="crmtests.LoginPageTest" name="validateLoginTest" time="14.597"/>
  <testcase classname="crmtests.LoginPageTest" name="validateLogoTest" time="0.119"/>
  <testcase classname="crmtests.HomePageTest" name="validateHmePageLogoutTest" time="0.144"/>
  <testcase classname="crmtests.HomePageTest" name="validateLogoutTest" time="2.062"/>
  <testcase classname="crmtests.HomePageTest" name="validateRedirectionOfCreatCompanyTest" time="7.366"/>
  <testcase classname="crmtests.HomePageTest" name="validateRedirectionOfCreatContactTest" time="4.783"/>
  <testcase classname="crmtests.HomePageTest" name="validateRedirectionOfCreatDealTest" time="8.337"/>
  <testcase classname="crmtests.HomePageTest" name="validateRedirectionOfCreatTaskTest" time="6.591"/>
  <testcase classname="crmtests.HomePageTest" name="validateUserTest" time="0.112"/>
</testsuite> <!-- Test -->
